Build started 11/10/2014 8:43:47 PM.
     1>Project "C:\Users\Joshs\Desktop\Life\Educational\CSE 167\Rasterizer\Rasterizer\Rasterizer.vcxproj" on node 2 (Build target(s)).
       Project file contains ToolsVersion="12.0". This toolset may be unknown or missing, in which case you may be able to resolve this by installing the appropriate version of MSBuild, or the build may have been forced to a particular ToolsVersion for policy reasons. Treating the project as if it had ToolsVersion="4.0". For more information, please see http://go.microsoft.com/fwlink/?LinkId=291333.
     1>ClCompile:
         C:\Program Files (x86)\Microsoft Visual Studio 11.0\VC\bin\CL.exe /c /I"C:\glut\glut-3.7.6-bin" /ZI /nologo /W3 /WX- /Od /Oy- /D _MBCS /Gm /EHsc /RTC1 /MDd /GS /fp:precise /Zc:wchar_t /Zc:forScope /Fo"Debug\\" /Fd"Debug\vc110.pdb" /Gd /TP /analyze- /errorReport:prompt PointCloud.cpp Rasterizer.cpp
         Rasterizer.cpp
     1>c:\users\joshs\desktop\life\educational\cse 167\rasterizer\rasterizer\rasterizer.cpp(139): warning C4018: '<' : signed/unsigned mismatch
         PointCloud.cpp
     1>c:\users\joshs\desktop\life\educational\cse 167\rasterizer\rasterizer\pointcloud.cpp(10): warning C4996: 'fopen': This function or variable may be unsafe. Consider using fopen_s instead. To disable deprecation, use _CRT_SECURE_NO_WARNINGS. See online help for details.
                 c:\program files (x86)\microsoft visual studio 11.0\vc\include\stdio.h(218) : see declaration of 'fopen'
     1>c:\users\joshs\desktop\life\educational\cse 167\rasterizer\rasterizer\pointcloud.cpp(13): warning C4996: 'fscanf': This function or variable may be unsafe. Consider using fscanf_s instead. To disable deprecation, use _CRT_SECURE_NO_WARNINGS. See online help for details.
                 c:\program files (x86)\microsoft visual studio 11.0\vc\include\stdio.h(237) : see declaration of 'fscanf'
     1>c:\users\joshs\desktop\life\educational\cse 167\rasterizer\rasterizer\pointcloud.cpp(36): warning C4018: '<' : signed/unsigned mismatch
     1>c:\users\joshs\desktop\life\educational\cse 167\rasterizer\rasterizer\pointcloud.cpp(77): warning C4018: '<' : signed/unsigned mismatch
         Generating Code...
       Link:
         C:\Program Files (x86)\Microsoft Visual Studio 11.0\VC\bin\link.exe /ERRORREPORT:PROMPT /OUT:"C:\Users\Joshs\Desktop\Life\Educational\CSE 167\Rasterizer\Debug\Rasterizer.exe" /INCREMENTAL /NOLOGO /LIBPATH:"C:\glut\glut-3.7.6-bin" kernel32.lib user32.lib gdi32.lib winspool.lib comdlg32.lib advapi32.lib shell32.lib ole32.lib oleaut32.lib uuid.lib odbc32.lib odbccp32.lib /MANIFEST /MANIFESTUAC:"level='asInvoker' uiAccess='false'" /manifest:embed /DEBUG /PDB:"C:\Users\Joshs\Desktop\Life\Educational\CSE 167\Rasterizer\Debug\Rasterizer.pdb" /TLBID:1 /DYNAMICBASE /NXCOMPAT /IMPLIB:"C:\Users\Joshs\Desktop\Life\Educational\CSE 167\Rasterizer\Debug\Rasterizer.lib" /MACHINE:X86 Debug\House.obj
         Debug\Matrix4.obj
         Debug\PointCloud.obj
         Debug\Rasterizer.obj
         Debug\Vector3.obj
         Debug\Vector4.obj
         Rasterizer.vcxproj -> C:\Users\Joshs\Desktop\Life\Educational\CSE 167\Rasterizer\Debug\Rasterizer.exe
     1>Done Building Project "C:\Users\Joshs\Desktop\Life\Educational\CSE 167\Rasterizer\Rasterizer\Rasterizer.vcxproj" (Build target(s)).

Build succeeded.

Time Elapsed 00:00:12.16
