16:10:00 **** Incremental Build of configuration Debug for project WordDict ****
Info: Internal Builder is used for build
g++ -O0 -g3 -Wall -c -fmessage-length=0 -o "src\\WordDict.o" "..\\src\\WordDict.cpp" 
g++ -o WordDict.exe "src\\WordDict.o" 
Info: Nothing to build for WordDict
16:18:00 **** Incremental Build of configuration Debug for project WordDict ****
Info: Internal Builder is used for build
g++ -O0 -g3 -Wall -c -fmessage-length=0 -o "src\\WordDict.o" "..\\src\\WordDict.cpp" 
g++ -o WordDict.exe "src\\WordDict.o" 
16:19:49 **** Incremental Build of configuration Debug for project WordDict ****
Info: Internal Builder is used for build
g++ -O0 -g3 -Wall -c -fmessage-length=0 -o "src\\WordDict.o" "..\\src\\WordDict.cpp" 
g++ -o WordDict.exe "src\\WordDict.o" 
16:24:35 **** Incremental Build of configuration Debug for project WordDict ****
Info: Internal Builder is used for build
g++ -O0 -g3 -Wall -c -fmessage-length=0 -o "src\\WordDict.o" "..\\src\\WordDict.cpp" 
g++ -o WordDict.exe "src\\WordDict.o" 
16:30:43 **** Incremental Build of configuration Debug for project WordDict ****
Info: Internal Builder is used for build
g++ -O0 -g3 -Wall -c -fmessage-length=0 -o "src\\WordDict.o" "..\\src\\WordDict.cpp" 
g++ -o WordDict.exe "src\\WordDict.o" 
16:32:20 **** Incremental Build of configuration Debug for project WordDict ****
Info: Internal Builder is used for build
g++ -O0 -g3 -Wall -c -fmessage-length=0 -o "src\\WordDict.o" "..\\src\\WordDict.cpp" 
g++ -o WordDict.exe "src\\WordDict.o" 
Info: Nothing to build for WordDict
