C:\USERS\JOSHS\DESKTOP\LIFE\EDUCATIONAL\CSE 167\CUBE\DEBUG\CUBE.OBJ
C:\USERS\JOSHS\DESKTOP\LIFE\EDUCATIONAL\CSE 167\CUBE\DEBUG\MAIN.OBJ
C:\USERS\JOSHS\DESKTOP\LIFE\EDUCATIONAL\CSE 167\CUBE\DEBUG\MATRIX4.OBJ
C:\USERS\JOSHS\DESKTOP\LIFE\EDUCATIONAL\CSE 167\CUBE\DEBUG\WINDOW.OBJ
C:\USERS\JOSHS\DESKTOP\LIFE\EDUCATIONAL\CSE 167\CUBE\DEBUG\VC110.PDB
C:\USERS\JOSHS\DESKTOP\LIFE\EDUCATIONAL\CSE 167\CUBE\DEBUG\CUBE.ILK
C:\USERS\JOSHS\DESKTOP\LIFE\EDUCATIONAL\CSE 167\CUBE\DEBUG\CUBE.EXE
C:\USERS\JOSHS\DESKTOP\LIFE\EDUCATIONAL\CSE 167\CUBE\DEBUG\CUBE.PDB
C:\Users\Joshs\Desktop\Life\Educational\CSE 167\Cube\Debug\cube.obj
C:\Users\Joshs\Desktop\Life\Educational\CSE 167\Cube\Debug\main.obj
C:\Users\Joshs\Desktop\Life\Educational\CSE 167\Cube\Debug\Matrix4.obj
C:\Users\Joshs\Desktop\Life\Educational\CSE 167\Cube\Debug\window.obj
C:\Users\Joshs\Desktop\Life\Educational\CSE 167\Cube\Debug\Cube.ilk
C:\Users\Joshs\Desktop\Life\Educational\CSE 167\Cube\Debug\cl.command.1.tlog
C:\Users\Joshs\Desktop\Life\Educational\CSE 167\Cube\Debug\CL.read.1.tlog
C:\Users\Joshs\Desktop\Life\Educational\CSE 167\Cube\Debug\CL.write.1.tlog
C:\Users\Joshs\Desktop\Life\Educational\CSE 167\Cube\Debug\link-cvtres.read.1.tlog
C:\Users\Joshs\Desktop\Life\Educational\CSE 167\Cube\Debug\link-cvtres.write.1.tlog
C:\Users\Joshs\Desktop\Life\Educational\CSE 167\Cube\Debug\link-rc.read.1.tlog
C:\Users\Joshs\Desktop\Life\Educational\CSE 167\Cube\Debug\link-rc.write.1.tlog
C:\Users\Joshs\Desktop\Life\Educational\CSE 167\Cube\Debug\link.command.1.tlog
C:\Users\Joshs\Desktop\Life\Educational\CSE 167\Cube\Debug\link.read.1.tlog
C:\Users\Joshs\Desktop\Life\Educational\CSE 167\Cube\Debug\link.write.1.tlog
C:\Users\Joshs\Desktop\Life\Educational\CSE 167\Cube\Debug\vc110.idb
C:\Users\Joshs\Desktop\Life\Educational\CSE 167\Cube\Debug\Cube.pdb
C:\Users\Joshs\Desktop\Life\Educational\CSE 167\Cube\Debug\vc110.pdb
C:\Users\Joshs\Desktop\Life\Educational\CSE 167\Cube\Debug\Cube.exe
