Build started 12/17/2014 9:59:48 PM.
     1>Project "C:\Users\Joshs\Desktop\Life\Educational\CSE 167\FinalProject\ShadowMapping.vcxproj" on node 2 (Build target(s)).
       Project file contains ToolsVersion="12.0". This toolset may be unknown or missing, in which case you may be able to resolve this by installing the appropriate version of MSBuild, or the build may have been forced to a particular ToolsVersion for policy reasons. Treating the project as if it had ToolsVersion="4.0". For more information, please see http://go.microsoft.com/fwlink/?LinkId=291333.
     1>ClCompile:
         C:\Program Files (x86)\Microsoft Visual Studio 11.0\VC\bin\CL.exe /c /I"C:\glut\glut-3.7.6-bin" /ZI /nologo /W3 /WX- /Od /Oy- /D WIN32 /D _DEBUG /D _WINDOWS /D _VC80_UPGRADE=0x0710 /D _MBCS /Gm /EHsc /RTC1 /MTd /GS /fp:precise /Zc:wchar_t /Zc:forScope /Fo"Debug\\" /Fd"Debug\vc110.pdb" /Gd /TP /analyze- /errorReport:prompt Main.cpp Window.cpp
         Window.cpp
         Main.cpp
         Generating Code...
       Link:
         C:\Program Files (x86)\Microsoft Visual Studio 11.0\VC\bin\link.exe /ERRORREPORT:PROMPT /OUT:"Debug\ShadowMapping.exe" /INCREMENTAL /NOLOGO /LIBPATH:"C:\glut\glut-3.7.6-bin" kernel32.lib user32.lib gdi32.lib winspool.lib comdlg32.lib advapi32.lib shell32.lib ole32.lib oleaut32.lib uuid.lib odbc32.lib odbccp32.lib /MANIFEST /MANIFESTUAC:"level='asInvoker' uiAccess='false'" /manifest:embed /DEBUG /PDB:"Debug\ShadowMapping.pdb" /SUBSYSTEM:CONSOLE /TLBID:1 /DYNAMICBASE /NXCOMPAT /IMPLIB:"Debug\ShadowMapping.lib" /MACHINE:X86 /SAFESEH Debug\Camera.obj
         Debug\CShader.obj
         Debug\GLee.obj
         Debug\Main.obj
         Debug\Matrix4.obj
         Debug\Robot.obj
         Debug\SceneGraph.obj
         Debug\Tree.obj
         Debug\Vector3.obj
         Debug\Vector4.obj
         Debug\Window.obj
         ShadowMapping.vcxproj -> C:\Users\Joshs\Desktop\Life\Educational\CSE 167\FinalProject\Debug\ShadowMapping.exe
     1>Done Building Project "C:\Users\Joshs\Desktop\Life\Educational\CSE 167\FinalProject\ShadowMapping.vcxproj" (Build target(s)).

Build succeeded.

Time Elapsed 00:00:07.06
